2023-02-27 00:15:34 -Shutting down ExecutorService 'applicationTaskExecutor'
2023-02-27 00:25:49 -Starting ServiceApplication on MacBook-Pro-9.lan with PID 31932 (/Users/jack/IdeaProjects/im-system/service/target/classes started by jack in /Users/jack/IdeaProjects/im-system)
2023-02-27 00:25:49 -The following profiles are active: dev
2023-02-27 00:25:50 -Tomcat initialized with port(s): 8000 (http)
2023-02-27 00:25:50 -Initializing ProtocolHandler ["http-nio-8000"]
2023-02-27 00:25:50 -Starting service [Tomcat]
2023-02-27 00:25:50 -Starting Servlet engine: [Apache Tomcat/9.0.37]
2023-02-27 00:25:50 -Initializing Spring embedded WebApplicationContext
2023-02-27 00:25:50 -Root WebApplicationContext: initialization completed in 1003 ms
2023-02-27 00:25:51 -Initializing ExecutorService 'applicationTaskExecutor'
2023-02-27 00:25:51 -Starting ProtocolHandler ["http-nio-8000"]
2023-02-27 00:25:51 -Exception encountered during context initialization - cancelling refresh attempt: org.springframework.context.ApplicationContextException: Failed to start bean 'webServerStartStop'; nested exception is org.springframework.boot.web.server.PortInUseException: Port 8000 is already in use
2023-02-27 00:25:51 -Shutting down ExecutorService 'applicationTaskExecutor'
2023-02-27 00:25:51 -Pausing ProtocolHandler ["http-nio-8000"]
2023-02-27 00:25:51 -Stopping service [Tomcat]
2023-02-27 00:25:51 -Stopping ProtocolHandler ["http-nio-8000"]
2023-02-27 00:25:51 -Destroying ProtocolHandler ["http-nio-8000"]
2023-02-27 00:25:51 -

Error starting ApplicationContext. To display the conditions report re-run your application with 'debug' enabled.
2023-02-27 00:25:51 -

***************************
APPLICATION FAILED TO START
***************************

Description:

Web server failed to start. Port 8000 was already in use.

Action:

Identify and stop the process that's listening on port 8000 or configure this application to listen on another port.

2023-02-27 00:26:23 -Starting ServiceApplication on MacBook-Pro-9.lan with PID 31941 (/Users/jack/IdeaProjects/im-system/service/target/classes started by jack in /Users/jack/IdeaProjects/im-system)
2023-02-27 00:26:23 -The following profiles are active: dev
2023-02-27 00:26:24 -Tomcat initialized with port(s): 8000 (http)
2023-02-27 00:26:24 -Initializing ProtocolHandler ["http-nio-8000"]
2023-02-27 00:26:24 -Starting service [Tomcat]
2023-02-27 00:26:24 -Starting Servlet engine: [Apache Tomcat/9.0.37]
2023-02-27 00:26:24 -Initializing Spring embedded WebApplicationContext
2023-02-27 00:26:24 -Root WebApplicationContext: initialization completed in 967 ms
2023-02-27 00:26:25 -Initializing ExecutorService 'applicationTaskExecutor'
2023-02-27 00:26:25 -Starting ProtocolHandler ["http-nio-8000"]
2023-02-27 00:26:25 -Tomcat started on port(s): 8000 (http) with context path ''
2023-02-27 00:26:25 -Started ServiceApplication in 2.241 seconds (JVM running for 2.664)
2023-02-27 00:26:43 -Initializing Spring DispatcherServlet 'dispatcherServlet'
2023-02-27 00:26:43 -Initializing Servlet 'dispatcherServlet'
2023-02-27 00:26:43 -Completed initialization in 7 ms
2023-02-27 00:27:34 -Shutting down ExecutorService 'applicationTaskExecutor'
